La génération a démarré 24/05/2011 01:06:20.
     1>Projet "d:\mes documents\visual studio 2010\Projects\PicPix\PicPix\PicPix.vcxproj" sur le nœud 2 (build cible(s)).
     1>Build:
         qmake -project & qmake -config debug & qmake & nmake debug
         	"C:\Program Files\Microsoft Visual Studio 10.0\VC\bin\nmake.exe" -f Makefile.Debug
         
         Microsoft (R) Program Maintenance Utility Version 10.00.30319.01
         Copyright (C) Microsoft Corporation. Tous droits rÚservÚs.
         
         
         Microsoft (R) Program Maintenance Utility Version 10.00.30319.01
         Copyright (C) Microsoft Corporation. Tous droits rÚservÚs.
         
         	cl -c -nologo -Zm200 -Zc:wchar_t- -Zi -MDd -GR -EHsc -MP -W3 -w34100 -w34189 -DUNICODE -DWIN32 -DQT_LARGEFILE_SUPPORT -DQT_DLL -DQT_GUI_LIB -DQT_CORE_LIB -DQT_HAVE_MMX -DQT_HAVE_3DNOW -DQT_HAVE_SSE -DQT_HAVE_MMXEXT -DQT_HAVE_SSE2 -DQT_THREAD_SUPPORT -I"c:\Qt\include\QtCore" -I"c:\Qt\include\QtGui" -I"c:\Qt\include" -I"." -I"c:\Qt\include\ActiveQt" -I"debug" -I"c:\Qt\mkspecs\win32-msvc2010" -Fodebug\ @C:\Users\CMAURI~1\AppData\Local\Temp\nmAE59.tmp
         main.cpp
     1>EXEC : warning : Inclusion of header files from include/Qt is deprecated.
     1>EXEC : warning : Inclusion of header files from include/Qt is deprecated.
     1>EXEC : warning : Inclusion of header files from include/Qt is deprecated.
     1>EXEC : warning : Inclusion of header files from include/Qt is deprecated.
     1>EXEC : warning : Inclusion of header files from include/Qt is deprecated.
     1>EXEC : warning : Inclusion of header files from include/Qt is deprecated.
     1>EXEC : warning : Inclusion of header files from include/Qt is deprecated.
     1>EXEC : warning : Inclusion of header files from include/Qt is deprecated.
     1>EXEC : warning : Inclusion of header files from include/Qt is deprecated.
     1>EXEC : warning : Inclusion of header files from include/Qt is deprecated.
         	link /LIBPATH:"c:\Qt\lib" /NOLOGO /DEBUG /MANIFEST /MANIFESTFILE:"debug\PicPix.intermediate.manifest" /SUBSYSTEM:WINDOWS "/MANIFESTDEPENDENCY:type='win32' name='Microsoft.Windows.Common-Controls' version='6.0.0.0' publicKeyToken='6595b64144ccf1df' language='*' processorArchitecture='*'" /OUT:debug\PicPix.exe @C:\Users\CMAURI~1\AppData\Local\Temp\nmC64D.tmp 
         LINK : debug\PicPix.exe introuvable ou non gÚnÚrÚ par la derniÞre Údition de liens incrÚmentielleá; Údition de liens complÞte en cours
         	mt.exe -nologo -manifest "debug\PicPix.intermediate.manifest" -outputresource:debug\PicPix.exe;1
     1>Génération du projet "d:\mes documents\visual studio 2010\Projects\PicPix\PicPix\PicPix.vcxproj" terminée (build cible(s)).

La génération a réussi.

Temps écoulé 00:00:13.36
